<?xml version="1.0" encoding="UTF-8"?>
<testng-results ignored="1" total="2" passed="1" failed="0" skipped="0">
  <reporter-output>
  </reporter-output>
  <suite started-at="2025-02-28T06:13:53 IST" name="Suite" finished-at="2025-02-28T06:13:53 IST" duration-ms="32">
    <groups>
      <group name="smoke">
        <method signature="Test1.test1()[pri:0, instance:Tests.Test1@cad498c]" name="test1" class="Tests.Test1"/>
      </group> <!-- smoke -->
    </groups>
    <test started-at="2025-02-28T06:13:53 IST" name="Test" finished-at="2025-02-28T06:13:53 IST" duration-ms="32">
      <class name="Tests.Test1">
        <test-method signature="test1()[pri:0, instance:Tests.Test1@cad498c]" started-at="2025-02-28T06:13:53 IST" name="test1" finished-at="2025-02-28T06:13:53 IST" duration-ms="5" status="PASS">
          <reporter-output>
          </reporter-output>
        </test-method> <!-- test1 -->
      </class> <!-- Tests.Test1 -->
    </test> <!-- Test -->
  </suite> <!-- Suite -->
</testng-results>
